<?xml version="1.0" encoding="UTF-8"?>
<testng-results skipped="0" failed="1" ignored="0" total="5" passed="4">
  <reporter-output>
  </reporter-output>
  <suite name="Suite" duration-ms="78052" started-at="2020-05-15T17:13:10 SGT" finished-at="2020-05-15T17:14:28 SGT">
    <groups>
    </groups>
    <test name="Validating User Login" duration-ms="9525" started-at="2020-05-15T17:13:10 SGT" finished-at="2020-05-15T17:13:19 SGT">
      <class name="hrapp.HomePage">
        <test-method status="PASS" signature="initialize()[pri:0, instance:hrapp.HomePage@7526515b]" name="initialize" is-config="true" duration-ms="1679" started-at="2020-05-15T17:13:10 SGT" finished-at="2020-05-15T17:13:11 SGT">
          <reporter-output>
          </reporter-output>
        </test-method> <!-- initialize -->
        <test-method status="PASS" signature="basePageNavigation()[pri:0, instance:hrapp.HomePage@7526515b]" name="basePageNavigation" duration-ms="7793" started-at="2020-05-15T17:13:11 SGT" finished-at="2020-05-15T17:13:19 SGT">
          <reporter-output>
          </reporter-output>
        </test-method> <!-- basePageNavigation -->
      </class> <!-- hrapp.HomePage -->
    </test> <!-- Validating User Login -->
    <test name="Validating Dashboard" duration-ms="57451" started-at="2020-05-15T17:13:20 SGT" finished-at="2020-05-15T17:14:17 SGT">
      <class name="hrapp.validateDashboard">
        <test-method status="PASS" signature="validateAppDashboard()[pri:1, instance:hrapp.validateDashboard@74d1dc36]" name="validateAppDashboard" duration-ms="3052" started-at="2020-05-15T17:13:20 SGT" finished-at="2020-05-15T17:13:23 SGT">
          <reporter-output>
          </reporter-output>
        </test-method> <!-- validateAppDashboard -->
        <test-method status="PASS" signature="AddEntitlement(java.lang.String, java.lang.String, java.lang.String, java.lang.String)[pri:2, instance:hrapp.validateDashboard@74d1dc36]" name="AddEntitlement" duration-ms="28320" started-at="2020-05-15T17:13:23 SGT" data-provider="addleave" finished-at="2020-05-15T17:13:51 SGT">
          <params>
            <param index="0">
              <value>
                <![CDATA[Russel]]>
              </value>
            </param>
            <param index="1">
              <value>
                <![CDATA[4]]>
              </value>
            </param>
            <param index="2">
              <value>
                <![CDATA[2020-01-01$$2020-12-31]]>
              </value>
            </param>
            <param index="3">
              <value>
                <![CDATA[20]]>
              </value>
            </param>
          </params>
          <reporter-output>
          </reporter-output>
        </test-method> <!-- AddEntitlement -->
        <test-method status="PASS" signature="AddEntitlement(java.lang.String, java.lang.String, java.lang.String, java.lang.String)[pri:2, instance:hrapp.validateDashboard@74d1dc36]" name="AddEntitlement" duration-ms="25621" started-at="2020-05-15T17:13:51 SGT" data-provider="addleave" finished-at="2020-05-15T17:14:17 SGT">
          <params>
            <param index="0">
              <value>
                <![CDATA[Russel]]>
              </value>
            </param>
            <param index="1">
              <value>
                <![CDATA[3]]>
              </value>
            </param>
            <param index="2">
              <value>
                <![CDATA[2020-01-01$$2020-12-31]]>
              </value>
            </param>
            <param index="3">
              <value>
                <![CDATA[30]]>
              </value>
            </param>
          </params>
          <reporter-output>
          </reporter-output>
        </test-method> <!-- AddEntitlement -->
      </class> <!-- hrapp.validateDashboard -->
    </test> <!-- Validating Dashboard -->
    <test name="Validate Assign Leave" duration-ms="10625" started-at="2020-05-15T17:14:17 SGT" finished-at="2020-05-15T17:14:28 SGT">
      <class name="hrapp.validateAssignLeave">
        <test-method status="FAIL" signature="assignLeave()[pri:0, instance:hrapp.validateAssignLeave@6bbe85a8]" name="assignLeave" duration-ms="9697" started-at="2020-05-15T17:14:17 SGT" finished-at="2020-05-15T17:14:27 SGT">
          <exception class="java.lang.AssertionError">
            <message>
              <![CDATA[expected [true] but found [false]]]>
            </message>
            <full-stacktrace>
              <![CDATA[java.lang.AssertionError: expected [true] but found [false]
at org.testng.Assert.fail(Assert.java:97)
at org.testng.Assert.failNotEquals(Assert.java:969)
at org.testng.Assert.assertTrue(Assert.java:43)
at org.testng.Assert.assertTrue(Assert.java:53)
at hrapp.validateAssignLeave.assignLeave(validateAssignLeave.java:50)
at sun.reflect.NativeMethodAccessorImpl.invoke0(Native Method)
at sun.reflect.NativeMethodAccessorImpl.invoke(NativeMethodAccessorImpl.java:62)
at sun.reflect.DelegatingMethodAccessorImpl.invoke(DelegatingMethodAccessorImpl.java:43)
at java.lang.reflect.Method.invoke(Method.java:498)
at org.testng.internal.MethodInvocationHelper.invokeMethod(MethodInvocationHelper.java:134)
at org.testng.internal.TestInvoker.invokeMethod(TestInvoker.java:597)
at org.testng.internal.TestInvoker.invokeTestMethod(TestInvoker.java:173)
at org.testng.internal.MethodRunner.runInSequence(MethodRunner.java:46)
at org.testng.internal.TestInvoker$MethodInvocationAgent.invoke(TestInvoker.java:816)
at org.testng.internal.TestInvoker.invokeTestMethods(TestInvoker.java:146)
at org.testng.internal.TestMethodWorker.invokeTestMethods(TestMethodWorker.java:146)
at org.testng.internal.TestMethodWorker.run(TestMethodWorker.java:128)
at java.util.ArrayList.forEach(ArrayList.java:1249)
at org.testng.TestRunner.privateRun(TestRunner.java:766)
at org.testng.TestRunner.run(TestRunner.java:587)
at org.testng.SuiteRunner.runTest(SuiteRunner.java:384)
at org.testng.SuiteRunner.runSequentially(SuiteRunner.java:378)
at org.testng.SuiteRunner.privateRun(SuiteRunner.java:337)
at org.testng.SuiteRunner.run(SuiteRunner.java:286)
at org.testng.SuiteRunnerWorker.runSuite(SuiteRunnerWorker.java:53)
at org.testng.SuiteRunnerWorker.run(SuiteRunnerWorker.java:96)
at org.testng.TestNG.runSuitesSequentially(TestNG.java:1187)
at org.testng.TestNG.runSuitesLocally(TestNG.java:1109)
at org.testng.TestNG.runSuites(TestNG.java:1039)
at org.testng.TestNG.run(TestNG.java:1007)
at org.testng.remote.AbstractRemoteTestNG.run(AbstractRemoteTestNG.java:115)
at org.testng.remote.RemoteTestNG.initAndRun(RemoteTestNG.java:251)
at org.testng.remote.RemoteTestNG.main(RemoteTestNG.java:77)
]]>
            </full-stacktrace>
          </exception> <!-- java.lang.AssertionError -->
          <reporter-output>
          </reporter-output>
        </test-method> <!-- assignLeave -->
        <test-method status="PASS" signature="tearDown()[pri:0, instance:hrapp.validateAssignLeave@6bbe85a8]" name="tearDown" is-config="true" duration-ms="76" started-at="2020-05-15T17:14:28 SGT" finished-at="2020-05-15T17:14:28 SGT">
          <reporter-output>
          </reporter-output>
        </test-method> <!-- tearDown -->
      </class> <!-- hrapp.validateAssignLeave -->
    </test> <!-- Validate Assign Leave -->
  </suite> <!-- Suite -->
</testng-results>
